f:\softwares\env-master\cygwin64\home\desty\cloneminestorm\minestorm\x64\release\vc142.pdb
f:\softwares\env-master\cygwin64\home\desty\cloneminestorm\minestorm\x64\release\projectile.obj
f:\softwares\env-master\cygwin64\home\desty\cloneminestorm\minestorm\x64\release\player.obj
f:\softwares\env-master\cygwin64\home\desty\cloneminestorm\minestorm\x64\release\mines.obj
f:\softwares\env-master\cygwin64\home\desty\cloneminestorm\minestorm\x64\release\game_engine.obj
f:\softwares\env-master\cygwin64\home\desty\cloneminestorm\minestorm\x64\release\math_toolbox.obj
f:\softwares\env-master\cygwin64\home\desty\cloneminestorm\minestorm\x64\release\main.obj
f:\softwares\env-master\cygwin64\home\desty\cloneminestorm\minestorm\x64\release\game_utils.obj
f:\softwares\env-master\cygwin64\home\desty\cloneminestorm\minestorm\x64\release\game_renderer.obj
f:\softwares\env-master\cygwin64\home\desty\cloneminestorm\minestorm\x64\release\events.obj
f:\softwares\env-master\cygwin64\home\desty\cloneminestorm\minestorm\x64\release\entity.obj
f:\softwares\env-master\cygwin64\home\desty\cloneminestorm\minestorm\x64\release\collisions.obj
f:\softwares\env-master\cygwin64\home\desty\cloneminestorm\minestorm\x64\release\game.ipdb
f:\softwares\env-master\cygwin64\home\desty\cloneminestorm\minestorm\x64\release\game.iobj
f:\softwares\env-master\cygwin64\home\desty\cloneminestorm\minestorm\x64\release\game.exe
f:\softwares\env-master\cygwin64\home\desty\cloneminestorm\minestorm\x64\release\game.pdb
f:\softwares\env-master\cygwin64\home\desty\cloneminestorm\minestorm\x64\release\game.tlog\cl.command.1.tlog
f:\softwares\env-master\cygwin64\home\desty\cloneminestorm\minestorm\x64\release\game.tlog\cl.read.1.tlog
f:\softwares\env-master\cygwin64\home\desty\cloneminestorm\minestorm\x64\release\game.tlog\cl.write.1.tlog
f:\softwares\env-master\cygwin64\home\desty\cloneminestorm\minestorm\x64\release\game.tlog\game.write.1u.tlog
f:\softwares\env-master\cygwin64\home\desty\cloneminestorm\minestorm\x64\release\game.tlog\link.command.1.tlog
f:\softwares\env-master\cygwin64\home\desty\cloneminestorm\minestorm\x64\release\game.tlog\link.read.1.tlog
f:\softwares\env-master\cygwin64\home\desty\cloneminestorm\minestorm\x64\release\game.tlog\link.write.1.tlog
